<?xml version="1.0" encoding="UTF-8"?>
<!-- Generated by org.testng.reporters.JUnitReportReporter -->
<testsuite hostname="Piotrek-HP" name="net.phptravels.admin.LoginAsAdminOnIE" tests="1" failures="0" timestamp="15 Oct 2016 16:04:37 GMT" time="15.039" errors="0">
  <testcase name="isNotLoginInWithIncorrectAdminEmail" time="15.039" classname="net.phptravels.admin.LoginAsAdminOnIE"/>
</testsuite> <!-- net.phptravels.admin.LoginAsAdminOnIE -->
