<?xml version="1.0" encoding="UTF-8"?>
<!-- Generated by org.testng.reporters.JUnitReportReporter -->
<testsuite hostname="Piotrek-HP" name="net.phptravels.admin.LoginAsAdminOnFirefox" tests="1" failures="0" timestamp="20 Oct 2016 20:00:22 GMT" time="44.481" errors="0">
  <testcase name="isFunctionRememberMeWork" time="44.481" classname="net.phptravels.admin.LoginAsAdminOnFirefox"/>
</testsuite> <!-- net.phptravels.admin.LoginAsAdminOnFirefox -->
