<?xml version="1.0" encoding="UTF-8"?>
<!-- Generated by org.testng.reporters.JUnitReportReporter -->
<testsuite hostname="Piotrek-HP" name="net.phptravels.admin.LoginAsAdminOnIE" tests="1" failures="0" timestamp="20 Oct 2016 05:00:01 GMT" time="39.575" errors="0">
  <testcase name="isFunctionRememberMeWork" time="39.575" classname="net.phptravels.admin.LoginAsAdminOnIE"/>
</testsuite> <!-- net.phptravels.admin.LoginAsAdminOnIE -->
