<?xml version="1.0" encoding="UTF-8"?>
<!-- Generated by org.testng.reporters.JUnitReportReporter -->
<testsuite hostname="Piotrek-HP" name="net.phptravels.admin.LoginAsAdminOnFirefox" tests="1" failures="0" timestamp="13 Oct 2016 18:38:48 GMT" time="25.397" errors="0">
  <testcase name="isLoginInWithCorrectAdminEmailAndPassword" time="25.397" classname="net.phptravels.admin.LoginAsAdminOnFirefox"/>
</testsuite> <!-- net.phptravels.admin.LoginAsAdminOnFirefox -->
