<?xml version="1.0" encoding="UTF-8"?>
<!-- Generated by org.testng.reporters.JUnitReportReporter -->
<testsuite hostname="Piotrek-HP" name="net.phptravels.admin.LoginAsAdminOnFirefox" tests="5" failures="0" timestamp="15 Oct 2016 15:57:34 GMT" time="74.516" errors="0">
  <testcase name="isNotLoginInWithoutAdminEmail" time="14.581" classname="net.phptravels.admin.LoginAsAdminOnFirefox"/>
  <testcase name="isNotLoginInWithoutAdminPassword" time="15.713" classname="net.phptravels.admin.LoginAsAdminOnFirefox"/>
  <testcase name="isNotLoginInWithIncorrectAdminEmail" time="13.618" classname="net.phptravels.admin.LoginAsAdminOnFirefox"/>
  <testcase name="isLoginInWithCorrectAdminEmailAndPassword" time="16.894" classname="net.phptravels.admin.LoginAsAdminOnFirefox"/>
  <testcase name="isNotLoginInWithIncorrectAdminPassword" time="13.710" classname="net.phptravels.admin.LoginAsAdminOnFirefox"/>
</testsuite> <!-- net.phptravels.admin.LoginAsAdminOnFirefox -->
