<?xml version="1.0" encoding="UTF-8"?>
<!-- Generated by org.testng.reporters.JUnitReportReporter -->
<testsuite hostname="Piotrek-HP" name="net.phptravels.admin.LoginAsAdminOnChrome" tests="1" failures="0" timestamp="13 Oct 2016 18:38:48 GMT" time="16.991" errors="0">
  <testcase name="isLoginInWithCorrectAdminEmailAndPassword" time="16.991" classname="net.phptravels.admin.LoginAsAdminOnChrome"/>
</testsuite> <!-- net.phptravels.admin.LoginAsAdminOnChrome -->
