<?xml version="1.0" encoding="UTF-8"?>
<!-- Generated by org.testng.reporters.JUnitReportReporter -->
<testsuite hostname="Piotrek-HP" name="net.phptravels.admin.LoginAsAdminOnFirefox" tests="1" failures="0" timestamp="26 Oct 2016 17:15:53 GMT" time="41.110" errors="0">
  <testcase name="isFunctionRememberMeWork" time="41.110" classname="net.phptravels.admin.LoginAsAdminOnFirefox"/>
</testsuite> <!-- net.phptravels.admin.LoginAsAdminOnFirefox -->
