<?xml version="1.0" encoding="UTF-8"?>
<!-- Generated by org.testng.reporters.JUnitReportReporter -->
<testsuite hostname="Piotrek-HP" name="net.phptravels.admin.LoginAsAdminOnChrome" tests="1" failures="0" timestamp="26 Oct 2016 19:53:14 GMT" time="25.931" errors="0">
  <testcase name="isFunctionRememberMeWork" time="25.931" classname="net.phptravels.admin.LoginAsAdminOnChrome"/>
</testsuite> <!-- net.phptravels.admin.LoginAsAdminOnChrome -->
