<?xml version="1.0" encoding="UTF-8"?>
<!-- Generated by org.testng.reporters.JUnitReportReporter -->
<testsuite hostname="Piotrek-HP" name="net.phptravels.admin.LoginAsAdminOnChrome" tests="5" failures="0" timestamp="15 Oct 2016 15:57:34 GMT" time="63.401" errors="0">
  <testcase name="isNotLoginInWithIncorrectAdminEmail" time="11.911" classname="net.phptravels.admin.LoginAsAdminOnChrome"/>
  <testcase name="isLoginInWithCorrectAdminEmailAndPassword" time="15.136" classname="net.phptravels.admin.LoginAsAdminOnChrome"/>
  <testcase name="isNotLoginInWithIncorrectAdminPassword" time="11.612" classname="net.phptravels.admin.LoginAsAdminOnChrome"/>
  <testcase name="isNotLoginInWithoutAdminPassword" time="13.766" classname="net.phptravels.admin.LoginAsAdminOnChrome"/>
  <testcase name="isNotLoginInWithoutAdminEmail" time="10.976" classname="net.phptravels.admin.LoginAsAdminOnChrome"/>
</testsuite> <!-- net.phptravels.admin.LoginAsAdminOnChrome -->
