<?xml version="1.0" encoding="UTF-8"?>
<!-- Generated by org.testng.reporters.JUnitReportReporter -->
<testsuite hostname="Piotrek-HP" name="net.phptravels.admin.LoginAsAdminOnIE" tests="1" failures="0" timestamp="13 Oct 2016 18:38:48 GMT" time="16.929" errors="0">
  <testcase name="isLoginInWithCorrectAdminEmailAndPassword" time="16.929" classname="net.phptravels.admin.LoginAsAdminOnIE"/>
</testsuite> <!-- net.phptravels.admin.LoginAsAdminOnIE -->
