<?xml version="1.0" encoding="UTF-8"?>
<!-- Generated by org.testng.reporters.JUnitReportReporter -->
<testsuite hostname="Piotrek-HP" name="net.phptravels.admin.LoginAsAdminOnChrome" tests="5" failures="0" timestamp="21 Oct 2016 19:56:34 GMT" time="72.496" errors="0">
  <testcase name="isLoginInWithCorrectAdminEmailAndPassword" time="17.919" classname="net.phptravels.admin.LoginAsAdminOnChrome"/>
  <testcase name="isNotLoginInWithIncorrectAdminPassword" time="13.134" classname="net.phptravels.admin.LoginAsAdminOnChrome"/>
  <testcase name="isNotLoginInWithoutAdminEmail" time="13.330" classname="net.phptravels.admin.LoginAsAdminOnChrome"/>
  <testcase name="isNotLoginInWithoutAdminPassword" time="15.857" classname="net.phptravels.admin.LoginAsAdminOnChrome"/>
  <testcase name="isNotLoginInWithIncorrectAdminEmail" time="12.256" classname="net.phptravels.admin.LoginAsAdminOnChrome"/>
</testsuite> <!-- net.phptravels.admin.LoginAsAdminOnChrome -->
